\BOOKMARK [0][-]{chapter.1}{Permission to create a course}{}% 1
\BOOKMARK [1][-]{section.1.1}{Overview}{chapter.1}% 2
\BOOKMARK [1][-]{section.1.2}{Steps to give permission to an user as course creator}{chapter.1}% 3
\BOOKMARK [0][-]{chapter.2}{Naming the course}{}% 4
\BOOKMARK [1][-]{section.2.1}{Overview}{chapter.2}% 5
\BOOKMARK [1][-]{section.2.2}{Steps to name a course}{chapter.2}% 6
\BOOKMARK [0][-]{chapter.3}{The course web page}{}% 7
\BOOKMARK [1][-]{section.3.1}{Overview}{chapter.3}% 8
\BOOKMARK [1][-]{section.3.2}{Accessing to the editing course tool}{chapter.3}% 9
\BOOKMARK [1][-]{section.3.3}{Adding the video intro to the course}{chapter.3}% 10
\BOOKMARK [1][-]{section.3.4}{Setting the start date and end date of the course}{chapter.3}% 11
\BOOKMARK [1][-]{section.3.5}{Setting the threshold to pass the course}{chapter.3}% 12
\BOOKMARK [1][-]{section.3.6}{Writing the description of the course}{chapter.3}% 13
\BOOKMARK [1][-]{section.3.7}{Associating a certificate to the course}{chapter.3}% 14
\BOOKMARK [0][-]{chapter.4}{Course teachers}{}% 15
\BOOKMARK [1][-]{section.4.1}{Overview}{chapter.4}% 16
\BOOKMARK [1][-]{section.4.2}{Steps to add teachers to a course}{chapter.4}% 17
\BOOKMARK [0][-]{chapter.5}{Course units}{}% 18
\BOOKMARK [1][-]{section.5.1}{Course, units and pills}{chapter.5}% 19
\BOOKMARK [1][-]{section.5.2}{Creating the course structure}{chapter.5}% 20
\BOOKMARK [0][-]{chapter.6}{Categories}{}% 21
\BOOKMARK [1][-]{section.6.1}{Overview}{chapter.6}% 22
\BOOKMARK [1][-]{section.6.2}{Adding categories to a course}{chapter.6}% 23
\BOOKMARK [1][-]{section.6.3}{Organization web page}{chapter.6}% 24
